0 info it worked if it ends with ok
1 verbose cli [ '/usr/bin/node', '/usr/bin/npm', 'run', 'dev' ]
2 info using npm@1.4.28
3 info using node@v0.10.32
4 verbose node symlink /usr/bin/node
5 verbose run-script [ 'predev', 'dev', 'postdev' ]
6 info predev note-recognition@0.0.0
7 info dev note-recognition@0.0.0
8 verbose unsafe-perm in lifecycle true
9 info note-recognition@0.0.0 Failed to exec dev script
10 error note-recognition@0.0.0 dev: `webpack-dev-server --output-file 'main.js'`
10 error Exit status 8
11 error Failed at the note-recognition@0.0.0 dev script.
11 error This is most likely a problem with the note-recognition package,
11 error not with npm itself.
11 error Tell the author that this fails on your system:
11 error     webpack-dev-server --output-file 'main.js'
11 error You can get their info via:
11 error     npm owner ls note-recognition
11 error There is likely additional logging output above.
12 error System Linux 3.8.0-44-generic
13 error command "/usr/bin/node" "/usr/bin/npm" "run" "dev"
14 error cwd /home/evan/src/note-recognition
15 error node -v v0.10.32
16 error npm -v 1.4.28
17 error code ELIFECYCLE
18 verbose exit [ 1, true ]
